08/04/2016 01:06:00 PM current bit rate for fsc per second is 0.3
08/04/2016 01:06:00 PM current bit rate for fib per second is 0.0
08/04/2016 01:06:00 PM current bit rate for fob per second is 0.0
08/04/2016 01:06:32 PM current bit rate for fsc per second is 0.3
08/04/2016 01:06:32 PM current bit rate for fib per second is 0.0
08/04/2016 01:06:32 PM current bit rate for fob per second is 0.0
08/04/2016 01:06:59 PM current bit rate for fsc per second is 1053.9
08/04/2016 01:07:00 PM current bit rate for fib per second is 0.0
08/04/2016 01:07:00 PM current bit rate for fob per second is 0.0
08/04/2016 01:13:54 PM current bit rate for fsc per second is 0.3
08/04/2016 01:13:54 PM current bit rate for fib per second is 0.0
08/04/2016 01:13:54 PM current bit rate for fob per second is 0.0
08/04/2016 01:14:23 PM current bit rate for fsc per second is 0.3
08/04/2016 01:14:23 PM current bit rate for fib per second is 0.0
08/04/2016 01:14:23 PM current bit rate for fob per second is 0.0
08/04/2016 01:15:00 PM current bit rate for fsc per second is 0.3
08/04/2016 01:15:00 PM current bit rate for fib per second is 0.0
08/04/2016 01:15:00 PM current bit rate for fob per second is 0.0
08/04/2016 01:16:28 PM current bit rate for fsc per second is 0.3
08/04/2016 01:16:28 PM current bit rate for fib per second is 0.0
08/04/2016 01:16:28 PM current bit rate for fob per second is 0.0
08/04/2016 01:16:39 PM invalid literal for int() with base 10: '\x18'
08/04/2016 01:17:59 PM current bit rate for fsc per second is 0.3
08/04/2016 01:17:59 PM current bit rate for fib per second is 0.0
08/04/2016 01:17:59 PM current bit rate for fob per second is 0.0
08/04/2016 01:18:24 PM current bit rate for fsc per second is 0.3
08/04/2016 01:18:24 PM current bit rate for fib per second is 0.0
08/04/2016 01:18:24 PM current bit rate for fob per second is 0.0
08/04/2016 01:19:00 PM current bit rate for fsc per second is 1348.5
08/04/2016 01:19:00 PM current bit rate for fib per second is 0.0
08/04/2016 01:19:00 PM current bit rate for fob per second is 0.0
08/04/2016 01:20:00 PM current bit rate for fsc per second is 0.3
08/04/2016 01:20:00 PM current bit rate for fib per second is 0.0
08/04/2016 01:20:00 PM current bit rate for fob per second is 0.0
08/04/2016 01:21:00 PM current bit rate for fsc per second is 2294.7
08/04/2016 01:21:00 PM current bit rate for fib per second is 0.0
08/04/2016 01:21:00 PM current bit rate for fob per second is 0.0
08/04/2016 01:21:41 PM current bit rate for fsc per second is 0.3
08/04/2016 01:21:41 PM current bit rate for fib per second is 0.0
08/04/2016 01:21:41 PM current bit rate for fob per second is 0.0
08/04/2016 01:22:00 PM current bit rate for fsc per second is 694.2
08/04/2016 01:22:00 PM current bit rate for fib per second is 0.0
08/04/2016 01:22:00 PM current bit rate for fob per second is 0.0
08/04/2016 01:23:00 PM current bit rate for fsc per second is 2998.2
08/04/2016 01:23:00 PM current bit rate for fib per second is 0.0
08/04/2016 01:23:00 PM current bit rate for fob per second is 0.0
08/04/2016 01:24:15 PM current bit rate for fsc per second is 0.3
08/04/2016 01:24:15 PM current bit rate for fib per second is 0.0
08/04/2016 01:24:15 PM current bit rate for fob per second is 0.0
08/04/2016 01:25:00 PM current bit rate for fsc per second is 1707.6
08/04/2016 01:25:00 PM current bit rate for fib per second is 0.0
08/04/2016 01:25:00 PM current bit rate for fob per second is 0.0
08/04/2016 01:26:00 PM current bit rate for fsc per second is 4011.6
08/04/2016 01:26:00 PM current bit rate for fib per second is 0.0
08/04/2016 01:26:00 PM current bit rate for fob per second is 0.0
08/04/2016 01:27:00 PM current bit rate for fsc per second is 6315.6
08/04/2016 01:27:00 PM current bit rate for fib per second is 0.0
08/04/2016 01:27:00 PM current bit rate for fob per second is 0.0
08/04/2016 01:28:00 PM current bit rate for fsc per second is 8619.6
08/04/2016 01:28:00 PM current bit rate for fib per second is 0.0
08/04/2016 01:28:00 PM current bit rate for fob per second is 0.0
08/04/2016 01:29:00 PM current bit rate for fsc per second is 10923.6
08/04/2016 01:29:00 PM current bit rate for fib per second is 0.0
08/04/2016 01:29:00 PM current bit rate for fob per second is 0.0
08/04/2016 01:30:00 PM current bit rate for fsc per second is 13227.6
08/04/2016 01:30:00 PM current bit rate for fib per second is 0.0
08/04/2016 01:30:00 PM current bit rate for fob per second is 0.0
08/04/2016 01:31:00 PM current bit rate for fsc per second is 15531.6
08/04/2016 01:31:00 PM current bit rate for fib per second is 0.0
08/04/2016 01:31:00 PM current bit rate for fob per second is 0.0
08/04/2016 01:32:00 PM current bit rate for fsc per second is 17835.6
08/04/2016 01:32:00 PM current bit rate for fib per second is 0.0
08/04/2016 01:32:00 PM current bit rate for fob per second is 0.0
08/04/2016 01:33:00 PM current bit rate for fsc per second is 20139.6
08/04/2016 01:33:00 PM current bit rate for fib per second is 0.0
08/04/2016 01:33:00 PM current bit rate for fob per second is 0.0
08/04/2016 01:34:00 PM current bit rate for fsc per second is 22443.6
08/04/2016 01:34:00 PM current bit rate for fib per second is 0.0
08/04/2016 01:34:00 PM current bit rate for fob per second is 0.0
08/04/2016 01:35:00 PM current bit rate for fsc per second is 24747.6
08/04/2016 01:35:00 PM current bit rate for fib per second is 0.0
08/04/2016 01:35:00 PM current bit rate for fob per second is 0.0
08/04/2016 01:36:00 PM current bit rate for fsc per second is 27051.6
08/04/2016 01:36:00 PM current bit rate for fib per second is 0.0
08/04/2016 01:36:00 PM current bit rate for fob per second is 0.0
08/04/2016 01:36:38 PM current bit rate for fsc per second is 0.3
08/04/2016 01:36:38 PM current bit rate for fib per second is 0.0
08/04/2016 01:36:38 PM current bit rate for fob per second is 0.0
08/04/2016 01:37:08 PM current bit rate for fsc per second is 0.3
08/04/2016 01:37:08 PM current bit rate for fib per second is 0.0
08/04/2016 01:37:08 PM current bit rate for fob per second is 0.0
08/04/2016 01:38:00 PM current bit rate for fsc per second is 1991.7
08/04/2016 01:38:00 PM current bit rate for fib per second is 0.0
08/04/2016 01:38:00 PM current bit rate for fob per second is 0.0
08/04/2016 01:39:00 PM current bit rate for fsc per second is 4295.7
08/04/2016 01:39:00 PM current bit rate for fib per second is 0.0
08/04/2016 01:39:00 PM current bit rate for fob per second is 0.0
08/04/2016 01:40:00 PM current bit rate for fsc per second is 6599.7
08/04/2016 01:40:00 PM current bit rate for fib per second is 0.0
08/04/2016 01:40:00 PM current bit rate for fob per second is 0.0
08/04/2016 01:40:35 PM current bit rate for fsc per second is 0.3
08/04/2016 01:40:35 PM current bit rate for fib per second is 0.0
08/04/2016 01:40:35 PM current bit rate for fob per second is 0.0
08/04/2016 01:41:00 PM current bit rate for fsc per second is 941.1
08/04/2016 01:41:00 PM current bit rate for fib per second is 0.0
08/04/2016 01:41:00 PM current bit rate for fob per second is 0.0
08/04/2016 01:41:52 PM current bit rate for fsc per second is 0.3
08/04/2016 01:41:52 PM current bit rate for fib per second is 0.0
08/04/2016 01:41:52 PM current bit rate for fob per second is 0.0
08/04/2016 01:42:00 PM current bit rate for fsc per second is 287.1
08/04/2016 01:42:00 PM current bit rate for fib per second is 0.0
08/04/2016 01:42:00 PM current bit rate for fob per second is 0.0
08/04/2016 01:43:00 PM current bit rate for fsc per second is 2591.1
08/04/2016 01:43:00 PM current bit rate for fib per second is 0.0
08/04/2016 01:43:00 PM current bit rate for fob per second is 0.0
08/04/2016 01:44:00 PM current bit rate for fsc per second is 4895.1
08/04/2016 01:44:00 PM current bit rate for fib per second is 0.0
08/04/2016 01:44:00 PM current bit rate for fob per second is 0.0
08/04/2016 01:45:02 PM current bit rate for fsc per second is 0.3
08/04/2016 01:45:02 PM current bit rate for fib per second is 0.0
08/04/2016 01:45:02 PM current bit rate for fob per second is 0.0
08/04/2016 01:45:59 PM current bit rate for fsc per second is 2219.1
08/04/2016 01:46:00 PM current bit rate for fib per second is 0.0
08/04/2016 01:46:00 PM current bit rate for fob per second is 0.0
08/04/2016 01:46:22 PM current bit rate for fsc per second is 0.3
08/04/2016 01:46:22 PM current bit rate for fib per second is 0.0
08/04/2016 01:46:22 PM current bit rate for fob per second is 0.0
08/04/2016 01:47:00 PM current bit rate for fsc per second is 1450.5
08/04/2016 01:47:00 PM current bit rate for fib per second is 0.0
08/04/2016 01:47:00 PM current bit rate for fob per second is 0.0
08/04/2016 01:48:00 PM current bit rate for fsc per second is 3754.5
08/04/2016 01:48:00 PM current bit rate for fib per second is 0.0
08/04/2016 01:48:00 PM current bit rate for fob per second is 0.0
08/04/2016 01:49:00 PM current bit rate for fsc per second is 6058.5
08/04/2016 01:49:00 PM current bit rate for fib per second is 0.0
08/04/2016 01:49:00 PM current bit rate for fob per second is 0.0
08/04/2016 01:50:00 PM current bit rate for fsc per second is 8362.5
08/04/2016 01:50:00 PM current bit rate for fib per second is 0.0
08/04/2016 01:50:00 PM current bit rate for fob per second is 0.0
08/04/2016 01:51:00 PM current bit rate for fsc per second is 10666.5
08/04/2016 01:51:00 PM current bit rate for fib per second is 0.0
08/04/2016 01:51:00 PM current bit rate for fob per second is 0.0
08/04/2016 01:51:46 PM current bit rate for fsc per second is 0.3
08/04/2016 01:51:46 PM current bit rate for fib per second is 0.0
08/04/2016 01:51:46 PM current bit rate for fob per second is 0.0
08/04/2016 01:52:00 PM current bit rate for fsc per second is 528.9
08/04/2016 01:52:00 PM current bit rate for fib per second is 0.0
08/04/2016 01:52:00 PM current bit rate for fob per second is 0.0
08/04/2016 01:54:32 PM current bit rate for fsc per second is 0.3
08/04/2016 01:54:32 PM current bit rate for fib per second is 0.0
08/04/2016 01:54:32 PM current bit rate for fob per second is 0.0
08/04/2016 01:55:00 PM current bit rate for fsc per second is 1055.1
08/04/2016 01:55:00 PM current bit rate for fib per second is 0.0
08/04/2016 01:55:00 PM current bit rate for fob per second is 0.0
08/04/2016 01:55:55 PM current bit rate for fsc per second is 0.3
08/04/2016 01:55:55 PM current bit rate for fib per second is 0.0
08/04/2016 01:55:55 PM current bit rate for fob per second is 0.0
08/04/2016 01:56:00 PM current bit rate for fsc per second is 162.6
08/04/2016 01:56:00 PM current bit rate for fib per second is 0.0
08/04/2016 01:56:00 PM current bit rate for fob per second is 0.0
08/04/2016 01:58:05 PM current bit rate for fsc per second is 0.3
08/04/2016 01:58:05 PM current bit rate for fib per second is 0.0
08/04/2016 01:58:05 PM current bit rate for fob per second is 0.0
08/04/2016 01:59:00 PM current bit rate for fsc per second is 2074.2
08/04/2016 01:59:00 PM current bit rate for fib per second is 0.0
08/04/2016 01:59:00 PM current bit rate for fob per second is 0.0
08/04/2016 01:59:36 PM invalid literal for int() with base 10: 'Z'
08/04/2016 01:59:44 PM current bit rate for fsc per second is 0.3
08/04/2016 01:59:44 PM current bit rate for fib per second is 0.0
08/04/2016 01:59:44 PM current bit rate for fob per second is 0.0
08/04/2016 02:00:00 PM current bit rate for fsc per second is 577.8
08/04/2016 02:00:00 PM current bit rate for fib per second is 0.0
08/04/2016 02:00:00 PM current bit rate for fob per second is 0.0
08/04/2016 02:01:00 PM current bit rate for fsc per second is 2881.8
08/04/2016 02:01:00 PM current bit rate for fib per second is 0.0
08/04/2016 02:01:00 PM current bit rate for fob per second is 0.0
08/04/2016 02:01:27 PM current bit rate for fsc per second is 0.3
08/04/2016 02:01:27 PM current bit rate for fib per second is 0.0
08/04/2016 02:01:27 PM current bit rate for fob per second is 0.0
08/04/2016 02:02:00 PM current bit rate for fsc per second is 1230.6
08/04/2016 02:02:00 PM current bit rate for fib per second is 0.0
08/04/2016 02:02:00 PM current bit rate for fob per second is 0.0
08/04/2016 02:03:02 PM current bit rate for fsc per second is 0.3
08/04/2016 02:03:02 PM current bit rate for fib per second is 0.0
08/04/2016 02:03:02 PM current bit rate for fob per second is 0.0
08/04/2016 02:03:59 PM current bit rate for fsc per second is 2227.2
08/04/2016 02:03:59 PM current bit rate for fib per second is 0.0
08/04/2016 02:03:59 PM current bit rate for fob per second is 0.0
