08/30/2016 04:54:46 PM the first byte in fee_science.log should always be 0x01
08/30/2016 04:54:46 PM the next four bytes in fee_science.log represent the counter and should increment at a rate determined by SCIENCE CADENCE defined in icu_simulator.ino
08/30/2016 04:54:46 PM the next three bytes represent the number of fib, fob and fsc which are contained in the pc packet
08/30/2016 04:54:46 PM FIB SCI consists of 10 packets, and the third, sixth and ninth byte should increment by 1, other bytes should be constant,the last byte should be 0x00
08/30/2016 04:54:46 PM FOB_SCI consists of 10 packets, and all bytes should be set to zero
08/30/2016 04:54:46 PM FSC_SCI consists of 11 packets, every first three bytes increment by one, seventh byte increments by one and the tenth and eleventh byte increment by one - XXX 00 02 02 X 02 02 X X
08/30/2016 04:54:47 PM recieved house_keeping packet
08/30/2016 04:54:48 PM recieved house_keeping packet
08/30/2016 04:54:49 PM recieved house_keeping packet
08/30/2016 04:54:50 PM recieved house_keeping packet
08/30/2016 04:54:51 PM recieved house_keeping packet
08/30/2016 04:54:52 PM recieved house_keeping packet
08/30/2016 04:54:53 PM recieved house_keeping packet
08/30/2016 04:54:54 PM recieved house_keeping packet
08/30/2016 04:54:55 PM recieved house_keeping packet
08/30/2016 04:54:56 PM recieved house_keeping packet
08/30/2016 04:54:57 PM recieved house_keeping packet
08/30/2016 04:54:58 PM recieved house_keeping packet
08/30/2016 04:54:59 PM recieved house_keeping packet
08/30/2016 04:55:00 PM recieved house_keeping packet
08/30/2016 04:55:01 PM recieved house_keeping packet
08/30/2016 04:55:02 PM recieved house_keeping packet
08/30/2016 04:55:03 PM recieved house_keeping packet
08/30/2016 04:55:04 PM recieved house_keeping packet
08/30/2016 04:55:05 PM recieved house_keeping packet
08/30/2016 04:55:06 PM recieved house_keeping packet
08/30/2016 04:55:07 PM recieved house_keeping packet
08/30/2016 04:55:08 PM recieved house_keeping packet
08/30/2016 04:55:09 PM recieved house_keeping packet
08/30/2016 04:55:10 PM recieved house_keeping packet
08/30/2016 04:55:11 PM recieved house_keeping packet
08/30/2016 04:55:12 PM recieved house_keeping packet
